<?xml version="1.0" encoding="UTF-8"?>
<!-- Generated by org.testng.reporters.JUnitReportReporter -->
<testsuite skipped="0" hostname="DESKTOP-TA3D90D" name="testcases.LoginTest" tests="1" failures="0" timestamp="2020-10-16T14:29:15 EDT" time="0.023" errors="0">
  <testcase name="searchSomething" time="0.023" classname="testcases.LoginTest"/>
  <system-out/>
</testsuite> <!-- testcases.LoginTest -->
