<?xml version="1.0" encoding="UTF-8"?>
<!-- Generated by org.testng.reporters.JUnitReportReporter -->
<testsuite skipped="0" hostname="DESKTOP-TA3D90D" name="testcases.CreateAccountTest" tests="1" failures="0" timestamp="2020-10-16T20:56:47 EDT" time="13.525" errors="0">
  <testcase name="createAccountTest" time="13.525" classname="testcases.CreateAccountTest"/>
  <system-out/>
</testsuite> <!-- testcases.CreateAccountTest -->
