<?xml version="1.0" encoding="UTF-8"?>
<!-- Generated by org.testng.reporters.JUnitReportReporter -->
<testsuite skipped="0" hostname="DESKTOP-TA3D90D" name="testcases.LoginTest" tests="1" failures="0" timestamp="2020-10-16T20:56:47 EDT" time="2.526" errors="0">
  <testcase name="loginTest" time="2.526" classname="testcases.LoginTest"/>
  <system-out/>
</testsuite> <!-- testcases.LoginTest -->
