<?xml version="1.0" encoding="UTF-8"?>
<!-- Generated by org.testng.reporters.JUnitReportReporter -->
<testsuite skipped="0" hostname="DESKTOP-TA3D90D" name="testcases.LoginTest" tests="1" failures="0" timestamp="2020-10-15T12:11:08 EDT" time="13.332" errors="0">
  <testcase name="loginTest" time="13.332" classname="testcases.LoginTest"/>
  <system-out/>
</testsuite> <!-- testcases.LoginTest -->
